I20240325 00:17:48.100925     1 MetaDaemon.cpp:137] localhost = "metad0":9559
I20240325 00:17:48.119993     1 NebulaStore.cpp:48] Start the raft service...
I20240325 00:17:48.121459     1 NebulaSnapshotManager.cpp:25] Send snapshot is rate limited to 10485760 for each part by default
I20240325 00:17:48.146441     1 RaftexService.cpp:46] Start raft service on 9560
I20240325 00:17:48.147892     1 NebulaStore.cpp:82] Scan the local path, and init the spaces_
E20240325 00:17:48.148964     1 FileUtils.cpp:377] Failed to read the directory "/data/meta/nebula" (2): No such file or directory
I20240325 00:17:48.156071     1 NebulaStore.cpp:292] Init data from partManager for "metad0":9559
I20240325 00:17:48.156527     1 NebulaStore.cpp:417] Create data space 0
I20240325 00:17:48.221681    74 RocksEngine.cpp:107] open rocksdb on /data/meta/nebula/0/data
I20240325 00:17:48.229454     1 NebulaStore.cpp:480] Space 0, part 0 has been added, asLearner 0
I20240325 00:17:48.230111     1 NebulaStore.cpp:75] Register handler...
I20240325 00:17:48.230598     1 MetaDaemonInit.cpp:106] Waiting for the leader elected...
I20240325 00:17:48.231143     1 MetaDaemonInit.cpp:118] Leader has not been elected, sleep 1s
I20240325 00:17:49.236771     1 KVBasedClusterIdMan.h:118] There is no clusterId existed in kvstore!
I20240325 00:17:49.240300     1 MetaDaemonInit.cpp:126] I am leader, create cluster Id
I20240325 00:17:49.243217     1 KVBasedClusterIdMan.h:45] Create ClusterId 4212006426403204259
I20240325 00:17:49.248332    44 KVBasedClusterIdMan.h:151] Put key __meta_cluster_id_key__, val 4212006426403204259
I20240325 00:17:49.260778     1 RocksEngine.cpp:610] Target checkpoint data path : /data/meta/nebula/0/checkpoints/META_UPGRADE_SNAPSHOT_2024_03_25_00_17_49/data
I20240325 00:17:49.313235     1 MetaDaemonInit.cpp:169] Nebula store init succeeded, clusterId 4212006426403204259
I20240325 00:17:49.313824     1 MetaDaemon.cpp:150] Start http service
I20240325 00:17:49.314419     1 MetaDaemonInit.cpp:226] Starting Meta HTTP Service
I20240325 00:17:54.331302    96 WebService.cpp:124] Web service started on HTTP[19559]
I20240325 00:17:54.334964     1 MetaDaemonInit.cpp:192] Check root user
I20240325 00:17:54.337199     1 RootUserMan.h:40] God user is not exists
I20240325 00:17:54.338943     1 RootUserMan.h:58] Init root user
I20240325 00:17:54.348153     1 MetaDaemon.cpp:193] The meta daemon start on "metad0":9559
I20240325 00:17:54.350903     1 JobManager.cpp:64] JobManager initialized
I20240325 00:17:54.350966   102 JobManager.cpp:150] JobManager::scheduleThread enter
I20240325 00:17:54.532090   112 HBProcessor.cpp:33] Receive heartbeat from "graphd":9669, role = GRAPH
I20240325 00:17:54.536427   112 HBProcessor.cpp:89] Update host "graphd":9669 dir info, root path: /usr/local/nebula, data path size: 0
I20240325 00:17:59.577464   112 SessionManagerProcessor.cpp:136] resp session size: 0
I20240325 00:17:59.613129   112 SessionManagerProcessor.cpp:136] resp session size: 0
I20240325 00:18:01.333484   112 HBProcessor.cpp:33] Receive heartbeat from "storaged0":9779, role = STORAGE
I20240325 00:18:01.335656   112 HBProcessor.cpp:52] Set clusterId for new host "storaged0":9779!
I20240325 00:18:01.337388   112 HBProcessor.cpp:89] Update host "storaged0":9779 dir info, root path: /usr/local/nebula, data path size: 1
I20240325 00:18:01.711113   112 CreateSpaceProcessor.cpp:276] Create space tomb_raider
I20240325 00:18:10.077673   112 HBProcessor.cpp:33] Receive heartbeat from "graphd":9669, role = GRAPH
I20240325 00:18:10.089545   112 SessionManagerProcessor.cpp:136] resp session size: 0
I20240325 00:18:11.405040   112 SessionManagerProcessor.cpp:136] resp session size: 0
I20240325 00:18:20.109064   112 HBProcessor.cpp:33] Receive heartbeat from "graphd":9669, role = GRAPH
I20240325 00:18:21.761937   112 CreateTagProcessor.cpp:87] Create Tag entity, TagID 2
I20240325 00:18:21.786136   112 CreateEdgeProcessor.cpp:86] Create Edge relationship, edgeType 3
I20240325 00:18:21.802874   112 CreateTagIndexProcessor.cpp:219] Create Tag Index entity_index, tagIndex 4
I20240325 00:18:30.131464   112 HBProcessor.cpp:33] Receive heartbeat from "graphd":9669, role = GRAPH
I20240325 00:18:30.144209   112 SessionManagerProcessor.cpp:136] resp session size: 0
I20240325 00:18:37.116878   112 HBProcessor.cpp:33] Receive heartbeat from "storaged0":9779, role = STORAGE
I20240325 00:18:37.127983   112 SessionManagerProcessor.cpp:136] resp session size: 0
I20240325 00:18:40.167140   112 HBProcessor.cpp:33] Receive heartbeat from "graphd":9669, role = GRAPH
I20240325 00:18:40.177103   112 SessionManagerProcessor.cpp:136] resp session size: 0
I20240325 00:18:47.155462   112 HBProcessor.cpp:33] Receive heartbeat from "storaged0":9779, role = STORAGE
I20240325 00:18:47.167035   112 SessionManagerProcessor.cpp:136] resp session size: 0
I20240325 00:18:50.192348   112 HBProcessor.cpp:33] Receive heartbeat from "graphd":9669, role = GRAPH
I20240325 00:18:57.186652   112 HBProcessor.cpp:33] Receive heartbeat from "storaged0":9779, role = STORAGE
I20240325 00:19:00.216253   112 HBProcessor.cpp:33] Receive heartbeat from "graphd":9669, role = GRAPH
I20240325 00:19:07.196626   112 HBProcessor.cpp:33] Receive heartbeat from "storaged0":9779, role = STORAGE
I20240325 00:19:10.239892   112 HBProcessor.cpp:33] Receive heartbeat from "graphd":9669, role = GRAPH
I20240325 00:19:17.221504   112 HBProcessor.cpp:33] Receive heartbeat from "storaged0":9779, role = STORAGE
I20240325 00:19:20.249354   112 HBProcessor.cpp:33] Receive heartbeat from "graphd":9669, role = GRAPH
I20240325 00:19:27.235210   112 HBProcessor.cpp:33] Receive heartbeat from "storaged0":9779, role = STORAGE
I20240325 00:19:30.275280   112 HBProcessor.cpp:33] Receive heartbeat from "graphd":9669, role = GRAPH
I20240325 00:19:37.258376   112 HBProcessor.cpp:33] Receive heartbeat from "storaged0":9779, role = STORAGE
I20240325 00:19:40.292120   112 HBProcessor.cpp:33] Receive heartbeat from "graphd":9669, role = GRAPH
I20240325 00:19:47.272797   112 HBProcessor.cpp:33] Receive heartbeat from "storaged0":9779, role = STORAGE
I20240325 00:19:50.308796   112 HBProcessor.cpp:33] Receive heartbeat from "graphd":9669, role = GRAPH
I20240325 00:19:57.297622   112 HBProcessor.cpp:33] Receive heartbeat from "storaged0":9779, role = STORAGE
I20240325 00:20:00.329882   112 HBProcessor.cpp:33] Receive heartbeat from "graphd":9669, role = GRAPH
I20240325 00:20:07.313310   112 HBProcessor.cpp:33] Receive heartbeat from "storaged0":9779, role = STORAGE
I20240325 00:20:10.346187   112 HBProcessor.cpp:33] Receive heartbeat from "graphd":9669, role = GRAPH
I20240325 00:20:17.334764   112 HBProcessor.cpp:33] Receive heartbeat from "storaged0":9779, role = STORAGE
I20240325 00:20:20.355551   112 HBProcessor.cpp:33] Receive heartbeat from "graphd":9669, role = GRAPH
I20240325 00:20:27.357573   112 HBProcessor.cpp:33] Receive heartbeat from "storaged0":9779, role = STORAGE
I20240325 00:20:30.369956   112 HBProcessor.cpp:33] Receive heartbeat from "graphd":9669, role = GRAPH
I20240325 00:20:37.376623   112 HBProcessor.cpp:33] Receive heartbeat from "storaged0":9779, role = STORAGE
I20240325 00:20:40.390625   112 HBProcessor.cpp:33] Receive heartbeat from "graphd":9669, role = GRAPH
I20240325 00:20:47.397509   112 HBProcessor.cpp:33] Receive heartbeat from "storaged0":9779, role = STORAGE
I20240325 00:20:50.408603   112 HBProcessor.cpp:33] Receive heartbeat from "graphd":9669, role = GRAPH
I20240325 00:20:57.416038   112 HBProcessor.cpp:33] Receive heartbeat from "storaged0":9779, role = STORAGE
I20240325 00:21:00.420714   112 HBProcessor.cpp:33] Receive heartbeat from "graphd":9669, role = GRAPH
I20240325 00:21:07.432761   112 HBProcessor.cpp:33] Receive heartbeat from "storaged0":9779, role = STORAGE
I20240325 00:21:10.431584   112 HBProcessor.cpp:33] Receive heartbeat from "graphd":9669, role = GRAPH
I20240325 00:21:17.457680   112 HBProcessor.cpp:33] Receive heartbeat from "storaged0":9779, role = STORAGE
I20240325 00:21:20.444458   112 HBProcessor.cpp:33] Receive heartbeat from "graphd":9669, role = GRAPH
I20240325 00:21:27.472569   112 HBProcessor.cpp:33] Receive heartbeat from "storaged0":9779, role = STORAGE
I20240325 00:21:30.457141   112 HBProcessor.cpp:33] Receive heartbeat from "graphd":9669, role = GRAPH
I20240325 00:21:37.499356   112 HBProcessor.cpp:33] Receive heartbeat from "storaged0":9779, role = STORAGE
I20240325 00:21:40.478260   112 HBProcessor.cpp:33] Receive heartbeat from "graphd":9669, role = GRAPH
I20240325 00:21:47.512846   112 HBProcessor.cpp:33] Receive heartbeat from "storaged0":9779, role = STORAGE
I20240325 00:21:50.501998   112 HBProcessor.cpp:33] Receive heartbeat from "graphd":9669, role = GRAPH
I20240325 00:21:57.530493   112 HBProcessor.cpp:33] Receive heartbeat from "storaged0":9779, role = STORAGE
I20240325 00:22:00.526589   112 HBProcessor.cpp:33] Receive heartbeat from "graphd":9669, role = GRAPH
I20240325 00:22:07.544406   112 HBProcessor.cpp:33] Receive heartbeat from "storaged0":9779, role = STORAGE
I20240325 00:22:10.554001   112 HBProcessor.cpp:33] Receive heartbeat from "graphd":9669, role = GRAPH
I20240325 00:22:17.565129   112 HBProcessor.cpp:33] Receive heartbeat from "storaged0":9779, role = STORAGE
I20240325 00:22:20.577136   112 HBProcessor.cpp:33] Receive heartbeat from "graphd":9669, role = GRAPH
I20240325 00:22:27.586772   112 HBProcessor.cpp:33] Receive heartbeat from "storaged0":9779, role = STORAGE
I20240325 00:22:30.603906   112 HBProcessor.cpp:33] Receive heartbeat from "graphd":9669, role = GRAPH
I20240325 00:22:37.607739   112 HBProcessor.cpp:33] Receive heartbeat from "storaged0":9779, role = STORAGE
I20240325 00:22:40.616077   112 HBProcessor.cpp:33] Receive heartbeat from "graphd":9669, role = GRAPH
I20240325 00:22:47.632377   112 HBProcessor.cpp:33] Receive heartbeat from "storaged0":9779, role = STORAGE
I20240325 00:22:50.637943   112 HBProcessor.cpp:33] Receive heartbeat from "graphd":9669, role = GRAPH
I20240325 00:22:57.654321   112 HBProcessor.cpp:33] Receive heartbeat from "storaged0":9779, role = STORAGE
I20240325 00:23:00.655297   112 HBProcessor.cpp:33] Receive heartbeat from "graphd":9669, role = GRAPH
I20240325 00:23:07.674327   112 HBProcessor.cpp:33] Receive heartbeat from "storaged0":9779, role = STORAGE
I20240325 00:23:10.670544   112 HBProcessor.cpp:33] Receive heartbeat from "graphd":9669, role = GRAPH
I20240325 00:23:17.690233   112 HBProcessor.cpp:33] Receive heartbeat from "storaged0":9779, role = STORAGE
I20240325 00:23:20.696749   112 HBProcessor.cpp:33] Receive heartbeat from "graphd":9669, role = GRAPH
I20240325 00:23:27.712481   112 HBProcessor.cpp:33] Receive heartbeat from "storaged0":9779, role = STORAGE
I20240325 00:23:30.716315   112 HBProcessor.cpp:33] Receive heartbeat from "graphd":9669, role = GRAPH
I20240325 00:23:37.736886   112 HBProcessor.cpp:33] Receive heartbeat from "storaged0":9779, role = STORAGE
I20240325 00:23:40.730578   112 HBProcessor.cpp:33] Receive heartbeat from "graphd":9669, role = GRAPH
I20240325 00:23:47.752843   112 HBProcessor.cpp:33] Receive heartbeat from "storaged0":9779, role = STORAGE
I20240325 00:23:50.754710   112 HBProcessor.cpp:33] Receive heartbeat from "graphd":9669, role = GRAPH
I20240325 00:23:57.773656   112 HBProcessor.cpp:33] Receive heartbeat from "storaged0":9779, role = STORAGE
I20240325 00:24:00.777647   112 HBProcessor.cpp:33] Receive heartbeat from "graphd":9669, role = GRAPH
I20240325 00:24:07.791615   112 HBProcessor.cpp:33] Receive heartbeat from "storaged0":9779, role = STORAGE
I20240325 00:24:10.798959   112 HBProcessor.cpp:33] Receive heartbeat from "graphd":9669, role = GRAPH
I20240325 00:24:17.822222   112 HBProcessor.cpp:33] Receive heartbeat from "storaged0":9779, role = STORAGE
I20240325 00:24:20.825543   112 HBProcessor.cpp:33] Receive heartbeat from "graphd":9669, role = GRAPH
I20240325 00:24:27.853897   112 HBProcessor.cpp:33] Receive heartbeat from "storaged0":9779, role = STORAGE
I20240325 00:24:30.839236   112 HBProcessor.cpp:33] Receive heartbeat from "graphd":9669, role = GRAPH
I20240325 00:24:37.877962   112 HBProcessor.cpp:33] Receive heartbeat from "storaged0":9779, role = STORAGE
I20240325 00:24:40.865082   112 HBProcessor.cpp:33] Receive heartbeat from "graphd":9669, role = GRAPH
I20240325 00:24:47.896195   112 HBProcessor.cpp:33] Receive heartbeat from "storaged0":9779, role = STORAGE
I20240325 00:24:50.891758   112 HBProcessor.cpp:33] Receive heartbeat from "graphd":9669, role = GRAPH
I20240325 00:24:57.906783   112 HBProcessor.cpp:33] Receive heartbeat from "storaged0":9779, role = STORAGE
I20240325 00:25:00.910032   112 HBProcessor.cpp:33] Receive heartbeat from "graphd":9669, role = GRAPH
I20240325 00:25:07.928519   112 HBProcessor.cpp:33] Receive heartbeat from "storaged0":9779, role = STORAGE
I20240325 00:25:10.939055   112 HBProcessor.cpp:33] Receive heartbeat from "graphd":9669, role = GRAPH
I20240325 00:25:17.953414   112 HBProcessor.cpp:33] Receive heartbeat from "storaged0":9779, role = STORAGE
I20240325 00:25:20.966843   112 HBProcessor.cpp:33] Receive heartbeat from "graphd":9669, role = GRAPH
I20240325 00:25:27.979362   112 HBProcessor.cpp:33] Receive heartbeat from "storaged0":9779, role = STORAGE
I20240325 00:25:30.988760   112 HBProcessor.cpp:33] Receive heartbeat from "graphd":9669, role = GRAPH
I20240325 00:25:38.006559   112 HBProcessor.cpp:33] Receive heartbeat from "storaged0":9779, role = STORAGE
I20240325 00:25:41.006069   112 HBProcessor.cpp:33] Receive heartbeat from "graphd":9669, role = GRAPH
I20240325 00:25:48.020895   112 HBProcessor.cpp:33] Receive heartbeat from "storaged0":9779, role = STORAGE
I20240325 00:25:51.024714   112 HBProcessor.cpp:33] Receive heartbeat from "graphd":9669, role = GRAPH
I20240325 00:25:58.045562   112 HBProcessor.cpp:33] Receive heartbeat from "storaged0":9779, role = STORAGE
I20240325 00:26:01.042502   112 HBProcessor.cpp:33] Receive heartbeat from "graphd":9669, role = GRAPH
I20240325 00:26:08.061945   112 HBProcessor.cpp:33] Receive heartbeat from "storaged0":9779, role = STORAGE
I20240325 00:26:11.059787   112 HBProcessor.cpp:33] Receive heartbeat from "graphd":9669, role = GRAPH
I20240325 00:26:18.084029   112 HBProcessor.cpp:33] Receive heartbeat from "storaged0":9779, role = STORAGE
I20240325 00:26:21.082985   112 HBProcessor.cpp:33] Receive heartbeat from "graphd":9669, role = GRAPH
I20240325 00:26:28.099288   112 HBProcessor.cpp:33] Receive heartbeat from "storaged0":9779, role = STORAGE
I20240325 00:26:31.108404   112 HBProcessor.cpp:33] Receive heartbeat from "graphd":9669, role = GRAPH
I20240325 00:26:38.117367   112 HBProcessor.cpp:33] Receive heartbeat from "storaged0":9779, role = STORAGE
I20240325 00:26:41.128814   112 HBProcessor.cpp:33] Receive heartbeat from "graphd":9669, role = GRAPH
I20240325 00:26:48.132949   112 HBProcessor.cpp:33] Receive heartbeat from "storaged0":9779, role = STORAGE
I20240325 00:26:51.148101   112 HBProcessor.cpp:33] Receive heartbeat from "graphd":9669, role = GRAPH
I20240325 00:26:58.151609   112 HBProcessor.cpp:33] Receive heartbeat from "storaged0":9779, role = STORAGE
I20240325 00:27:01.165959   112 HBProcessor.cpp:33] Receive heartbeat from "graphd":9669, role = GRAPH
I20240325 00:27:08.180342   112 HBProcessor.cpp:33] Receive heartbeat from "storaged0":9779, role = STORAGE
I20240325 00:27:11.185912   112 HBProcessor.cpp:33] Receive heartbeat from "graphd":9669, role = GRAPH
I20240325 00:27:18.191262   112 HBProcessor.cpp:33] Receive heartbeat from "storaged0":9779, role = STORAGE
I20240325 00:27:21.196295   112 HBProcessor.cpp:33] Receive heartbeat from "graphd":9669, role = GRAPH
I20240325 00:27:28.200138   112 HBProcessor.cpp:33] Receive heartbeat from "storaged0":9779, role = STORAGE
I20240325 00:27:31.203831   112 HBProcessor.cpp:33] Receive heartbeat from "graphd":9669, role = GRAPH
I20240325 00:27:38.220182   112 HBProcessor.cpp:33] Receive heartbeat from "storaged0":9779, role = STORAGE
I20240325 00:27:41.220338   112 HBProcessor.cpp:33] Receive heartbeat from "graphd":9669, role = GRAPH
I20240325 00:27:48.228961   112 HBProcessor.cpp:33] Receive heartbeat from "storaged0":9779, role = STORAGE
I20240325 00:27:51.232401   112 HBProcessor.cpp:33] Receive heartbeat from "graphd":9669, role = GRAPH
I20240325 00:27:58.247514   112 HBProcessor.cpp:33] Receive heartbeat from "storaged0":9779, role = STORAGE
I20240325 00:28:01.245177   112 HBProcessor.cpp:33] Receive heartbeat from "graphd":9669, role = GRAPH
I20240325 00:28:08.267226   112 HBProcessor.cpp:33] Receive heartbeat from "storaged0":9779, role = STORAGE
I20240325 00:28:11.258082   112 HBProcessor.cpp:33] Receive heartbeat from "graphd":9669, role = GRAPH
I20240325 00:28:18.290263   112 HBProcessor.cpp:33] Receive heartbeat from "storaged0":9779, role = STORAGE
I20240325 00:28:21.281541   112 HBProcessor.cpp:33] Receive heartbeat from "graphd":9669, role = GRAPH
I20240325 00:28:28.312997   112 HBProcessor.cpp:33] Receive heartbeat from "storaged0":9779, role = STORAGE
I20240325 00:28:31.306303   112 HBProcessor.cpp:33] Receive heartbeat from "graphd":9669, role = GRAPH
I20240325 00:28:38.328202   112 HBProcessor.cpp:33] Receive heartbeat from "storaged0":9779, role = STORAGE
I20240325 00:28:41.328244   112 HBProcessor.cpp:33] Receive heartbeat from "graphd":9669, role = GRAPH
I20240325 00:28:48.352166   112 HBProcessor.cpp:33] Receive heartbeat from "storaged0":9779, role = STORAGE
I20240325 00:28:51.344528   112 HBProcessor.cpp:33] Receive heartbeat from "graphd":9669, role = GRAPH
I20240325 00:28:58.376616   112 HBProcessor.cpp:33] Receive heartbeat from "storaged0":9779, role = STORAGE
I20240325 00:29:01.355374   112 HBProcessor.cpp:33] Receive heartbeat from "graphd":9669, role = GRAPH
I20240325 00:29:08.404039   112 HBProcessor.cpp:33] Receive heartbeat from "storaged0":9779, role = STORAGE
I20240325 00:29:11.375432   112 HBProcessor.cpp:33] Receive heartbeat from "graphd":9669, role = GRAPH
I20240325 00:29:18.427593   112 HBProcessor.cpp:33] Receive heartbeat from "storaged0":9779, role = STORAGE
I20240325 00:29:21.383514   112 HBProcessor.cpp:33] Receive heartbeat from "graphd":9669, role = GRAPH
I20240325 00:29:28.453527   112 HBProcessor.cpp:33] Receive heartbeat from "storaged0":9779, role = STORAGE
I20240325 00:29:31.401155   112 HBProcessor.cpp:33] Receive heartbeat from "graphd":9669, role = GRAPH
I20240325 00:29:38.473266   112 HBProcessor.cpp:33] Receive heartbeat from "storaged0":9779, role = STORAGE
I20240325 00:29:41.420967   112 HBProcessor.cpp:33] Receive heartbeat from "graphd":9669, role = GRAPH
I20240325 00:29:48.495103   112 HBProcessor.cpp:33] Receive heartbeat from "storaged0":9779, role = STORAGE
I20240325 00:29:51.439078   112 HBProcessor.cpp:33] Receive heartbeat from "graphd":9669, role = GRAPH
I20240325 00:29:58.513140   112 HBProcessor.cpp:33] Receive heartbeat from "storaged0":9779, role = STORAGE
I20240325 00:30:01.450696   112 HBProcessor.cpp:33] Receive heartbeat from "graphd":9669, role = GRAPH
I20240325 00:30:08.535951   112 HBProcessor.cpp:33] Receive heartbeat from "storaged0":9779, role = STORAGE
I20240325 00:30:11.466156   112 HBProcessor.cpp:33] Receive heartbeat from "graphd":9669, role = GRAPH
I20240325 00:30:18.552009   112 HBProcessor.cpp:33] Receive heartbeat from "storaged0":9779, role = STORAGE
I20240325 00:30:21.482203   112 HBProcessor.cpp:33] Receive heartbeat from "graphd":9669, role = GRAPH
I20240325 00:30:28.567111   112 HBProcessor.cpp:33] Receive heartbeat from "storaged0":9779, role = STORAGE
I20240325 00:30:31.503638   112 HBProcessor.cpp:33] Receive heartbeat from "graphd":9669, role = GRAPH
I20240325 00:30:38.579190   112 HBProcessor.cpp:33] Receive heartbeat from "storaged0":9779, role = STORAGE
I20240325 00:30:41.517932   112 HBProcessor.cpp:33] Receive heartbeat from "graphd":9669, role = GRAPH
I20240325 00:30:48.605995   112 HBProcessor.cpp:33] Receive heartbeat from "storaged0":9779, role = STORAGE
I20240325 00:30:51.531883   112 HBProcessor.cpp:33] Receive heartbeat from "graphd":9669, role = GRAPH
I20240325 00:30:58.619071   112 HBProcessor.cpp:33] Receive heartbeat from "storaged0":9779, role = STORAGE
I20240325 00:31:01.546380   112 HBProcessor.cpp:33] Receive heartbeat from "graphd":9669, role = GRAPH
I20240325 00:31:08.645908   112 HBProcessor.cpp:33] Receive heartbeat from "storaged0":9779, role = STORAGE
I20240325 00:31:11.566315   112 HBProcessor.cpp:33] Receive heartbeat from "graphd":9669, role = GRAPH
I20240325 00:31:18.671070   112 HBProcessor.cpp:33] Receive heartbeat from "storaged0":9779, role = STORAGE
I20240325 00:31:21.595429   112 HBProcessor.cpp:33] Receive heartbeat from "graphd":9669, role = GRAPH
I20240325 00:31:28.690793   112 HBProcessor.cpp:33] Receive heartbeat from "storaged0":9779, role = STORAGE
I20240325 00:31:31.617242   112 HBProcessor.cpp:33] Receive heartbeat from "graphd":9669, role = GRAPH
I20240325 00:31:38.709074   112 HBProcessor.cpp:33] Receive heartbeat from "storaged0":9779, role = STORAGE
I20240325 00:31:41.632874   112 HBProcessor.cpp:33] Receive heartbeat from "graphd":9669, role = GRAPH
I20240325 00:31:48.733747   112 HBProcessor.cpp:33] Receive heartbeat from "storaged0":9779, role = STORAGE
I20240325 00:31:51.654474   112 HBProcessor.cpp:33] Receive heartbeat from "graphd":9669, role = GRAPH
I20240325 00:31:58.757419   112 HBProcessor.cpp:33] Receive heartbeat from "storaged0":9779, role = STORAGE
I20240325 00:32:01.677318   112 HBProcessor.cpp:33] Receive heartbeat from "graphd":9669, role = GRAPH
I20240325 00:32:08.783198   112 HBProcessor.cpp:33] Receive heartbeat from "storaged0":9779, role = STORAGE
I20240325 00:32:11.691291   112 HBProcessor.cpp:33] Receive heartbeat from "graphd":9669, role = GRAPH
I20240325 00:32:18.806989   112 HBProcessor.cpp:33] Receive heartbeat from "storaged0":9779, role = STORAGE
I20240325 00:32:21.703259   112 HBProcessor.cpp:33] Receive heartbeat from "graphd":9669, role = GRAPH
I20240325 00:32:28.815153   112 HBProcessor.cpp:33] Receive heartbeat from "storaged0":9779, role = STORAGE
I20240325 00:32:31.734289   112 HBProcessor.cpp:33] Receive heartbeat from "graphd":9669, role = GRAPH
I20240325 00:32:38.829399   112 HBProcessor.cpp:33] Receive heartbeat from "storaged0":9779, role = STORAGE
I20240325 00:32:41.757417   112 HBProcessor.cpp:33] Receive heartbeat from "graphd":9669, role = GRAPH
I20240325 00:32:48.842039   112 HBProcessor.cpp:33] Receive heartbeat from "storaged0":9779, role = STORAGE
I20240325 00:32:51.782531   112 HBProcessor.cpp:33] Receive heartbeat from "graphd":9669, role = GRAPH
I20240325 00:32:58.861656   112 HBProcessor.cpp:33] Receive heartbeat from "storaged0":9779, role = STORAGE
I20240325 00:33:01.795342   112 HBProcessor.cpp:33] Receive heartbeat from "graphd":9669, role = GRAPH
I20240325 00:33:08.883149   112 HBProcessor.cpp:33] Receive heartbeat from "storaged0":9779, role = STORAGE
I20240325 00:33:11.814158   112 HBProcessor.cpp:33] Receive heartbeat from "graphd":9669, role = GRAPH
I20240325 00:33:18.904659   112 HBProcessor.cpp:33] Receive heartbeat from "storaged0":9779, role = STORAGE
I20240325 00:33:21.836107   112 HBProcessor.cpp:33] Receive heartbeat from "graphd":9669, role = GRAPH
I20240325 00:33:28.925495   112 HBProcessor.cpp:33] Receive heartbeat from "storaged0":9779, role = STORAGE
I20240325 00:33:31.851128   112 HBProcessor.cpp:33] Receive heartbeat from "graphd":9669, role = GRAPH
I20240325 00:33:38.946599   112 HBProcessor.cpp:33] Receive heartbeat from "storaged0":9779, role = STORAGE
I20240325 00:33:41.876050   112 HBProcessor.cpp:33] Receive heartbeat from "graphd":9669, role = GRAPH
I20240325 00:33:48.964365   112 HBProcessor.cpp:33] Receive heartbeat from "storaged0":9779, role = STORAGE
I20240325 00:33:51.885146   112 HBProcessor.cpp:33] Receive heartbeat from "graphd":9669, role = GRAPH
I20240325 00:33:58.972287   112 HBProcessor.cpp:33] Receive heartbeat from "storaged0":9779, role = STORAGE
I20240325 00:34:01.905550   112 HBProcessor.cpp:33] Receive heartbeat from "graphd":9669, role = GRAPH
I20240325 00:34:08.991276   112 HBProcessor.cpp:33] Receive heartbeat from "storaged0":9779, role = STORAGE
I20240325 00:34:11.931332   112 HBProcessor.cpp:33] Receive heartbeat from "graphd":9669, role = GRAPH
I20240325 00:34:19.020205   112 HBProcessor.cpp:33] Receive heartbeat from "storaged0":9779, role = STORAGE
I20240325 00:34:21.946513   112 HBProcessor.cpp:33] Receive heartbeat from "graphd":9669, role = GRAPH
I20240325 00:34:29.033561   112 HBProcessor.cpp:33] Receive heartbeat from "storaged0":9779, role = STORAGE
I20240325 00:34:31.960331   112 HBProcessor.cpp:33] Receive heartbeat from "graphd":9669, role = GRAPH
I20240325 00:34:39.053659   112 HBProcessor.cpp:33] Receive heartbeat from "storaged0":9779, role = STORAGE
I20240325 00:34:41.982568   112 HBProcessor.cpp:33] Receive heartbeat from "graphd":9669, role = GRAPH
I20240325 00:34:49.073334   112 HBProcessor.cpp:33] Receive heartbeat from "storaged0":9779, role = STORAGE
I20240325 00:34:52.000856   112 HBProcessor.cpp:33] Receive heartbeat from "graphd":9669, role = GRAPH
I20240325 00:34:59.088222   112 HBProcessor.cpp:33] Receive heartbeat from "storaged0":9779, role = STORAGE
I20240325 00:35:02.011006   112 HBProcessor.cpp:33] Receive heartbeat from "graphd":9669, role = GRAPH
I20240325 00:35:09.105494   112 HBProcessor.cpp:33] Receive heartbeat from "storaged0":9779, role = STORAGE
I20240325 00:35:12.020944   112 HBProcessor.cpp:33] Receive heartbeat from "graphd":9669, role = GRAPH
I20240325 00:35:19.117609   112 HBProcessor.cpp:33] Receive heartbeat from "storaged0":9779, role = STORAGE
I20240325 00:35:22.030272   112 HBProcessor.cpp:33] Receive heartbeat from "graphd":9669, role = GRAPH
I20240325 00:35:29.138705   112 HBProcessor.cpp:33] Receive heartbeat from "storaged0":9779, role = STORAGE
I20240325 00:35:32.051539   112 HBProcessor.cpp:33] Receive heartbeat from "graphd":9669, role = GRAPH
I20240325 00:35:39.164956   112 HBProcessor.cpp:33] Receive heartbeat from "storaged0":9779, role = STORAGE
I20240325 00:35:42.071967   112 HBProcessor.cpp:33] Receive heartbeat from "graphd":9669, role = GRAPH
I20240325 00:35:49.192059   112 HBProcessor.cpp:33] Receive heartbeat from "storaged0":9779, role = STORAGE
I20240325 00:35:52.082976   112 HBProcessor.cpp:33] Receive heartbeat from "graphd":9669, role = GRAPH
I20240325 00:35:59.207901   112 HBProcessor.cpp:33] Receive heartbeat from "storaged0":9779, role = STORAGE
I20240325 00:36:02.101244   112 HBProcessor.cpp:33] Receive heartbeat from "graphd":9669, role = GRAPH
I20240325 00:36:09.219280   112 HBProcessor.cpp:33] Receive heartbeat from "storaged0":9779, role = STORAGE
I20240325 00:36:12.116084   112 HBProcessor.cpp:33] Receive heartbeat from "graphd":9669, role = GRAPH
I20240325 00:36:19.240185   112 HBProcessor.cpp:33] Receive heartbeat from "storaged0":9779, role = STORAGE
I20240325 00:36:22.130281   112 HBProcessor.cpp:33] Receive heartbeat from "graphd":9669, role = GRAPH
I20240325 00:36:29.253067   112 HBProcessor.cpp:33] Receive heartbeat from "storaged0":9779, role = STORAGE
I20240325 00:36:32.151278   112 HBProcessor.cpp:33] Receive heartbeat from "graphd":9669, role = GRAPH
I20240325 00:36:39.263746   112 HBProcessor.cpp:33] Receive heartbeat from "storaged0":9779, role = STORAGE
I20240325 00:36:42.160874   112 HBProcessor.cpp:33] Receive heartbeat from "graphd":9669, role = GRAPH
I20240325 00:36:49.287003   112 HBProcessor.cpp:33] Receive heartbeat from "storaged0":9779, role = STORAGE
I20240325 00:36:52.171154   112 HBProcessor.cpp:33] Receive heartbeat from "graphd":9669, role = GRAPH
I20240325 00:36:59.301918   112 HBProcessor.cpp:33] Receive heartbeat from "storaged0":9779, role = STORAGE
I20240325 00:37:02.188843   112 HBProcessor.cpp:33] Receive heartbeat from "graphd":9669, role = GRAPH
I20240325 00:37:09.320776   112 HBProcessor.cpp:33] Receive heartbeat from "storaged0":9779, role = STORAGE
I20240325 00:37:12.194481   112 HBProcessor.cpp:33] Receive heartbeat from "graphd":9669, role = GRAPH
I20240325 00:37:19.334656   112 HBProcessor.cpp:33] Receive heartbeat from "storaged0":9779, role = STORAGE
I20240325 00:37:22.214156   112 HBProcessor.cpp:33] Receive heartbeat from "graphd":9669, role = GRAPH
I20240325 00:37:29.360481   112 HBProcessor.cpp:33] Receive heartbeat from "storaged0":9779, role = STORAGE
I20240325 00:37:32.233671   112 HBProcessor.cpp:33] Receive heartbeat from "graphd":9669, role = GRAPH
I20240325 00:37:39.385808   112 HBProcessor.cpp:33] Receive heartbeat from "storaged0":9779, role = STORAGE
I20240325 00:37:42.251878   112 HBProcessor.cpp:33] Receive heartbeat from "graphd":9669, role = GRAPH
I20240325 00:37:49.404448   112 HBProcessor.cpp:33] Receive heartbeat from "storaged0":9779, role = STORAGE
I20240325 00:37:52.270985   112 HBProcessor.cpp:33] Receive heartbeat from "graphd":9669, role = GRAPH
I20240325 00:37:59.412969   112 HBProcessor.cpp:33] Receive heartbeat from "storaged0":9779, role = STORAGE
I20240325 00:38:02.285549   112 HBProcessor.cpp:33] Receive heartbeat from "graphd":9669, role = GRAPH
I20240325 00:38:09.438174   112 HBProcessor.cpp:33] Receive heartbeat from "storaged0":9779, role = STORAGE
I20240325 00:38:12.298985   112 HBProcessor.cpp:33] Receive heartbeat from "graphd":9669, role = GRAPH
I20240325 00:38:19.462860   112 HBProcessor.cpp:33] Receive heartbeat from "storaged0":9779, role = STORAGE
I20240325 00:38:22.322989   112 HBProcessor.cpp:33] Receive heartbeat from "graphd":9669, role = GRAPH
I20240325 00:38:29.487597   112 HBProcessor.cpp:33] Receive heartbeat from "storaged0":9779, role = STORAGE
I20240325 00:38:32.341524   112 HBProcessor.cpp:33] Receive heartbeat from "graphd":9669, role = GRAPH
I20240325 00:38:39.511567   112 HBProcessor.cpp:33] Receive heartbeat from "storaged0":9779, role = STORAGE
I20240325 00:38:42.363765   112 HBProcessor.cpp:33] Receive heartbeat from "graphd":9669, role = GRAPH
I20240325 00:38:49.524273   112 HBProcessor.cpp:33] Receive heartbeat from "storaged0":9779, role = STORAGE
I20240325 00:38:52.381856   112 HBProcessor.cpp:33] Receive heartbeat from "graphd":9669, role = GRAPH
I20240325 00:38:59.543401   112 HBProcessor.cpp:33] Receive heartbeat from "storaged0":9779, role = STORAGE
I20240325 00:39:02.395035   112 HBProcessor.cpp:33] Receive heartbeat from "graphd":9669, role = GRAPH
I20240325 00:39:09.556979   112 HBProcessor.cpp:33] Receive heartbeat from "storaged0":9779, role = STORAGE
I20240325 00:39:12.410919   112 HBProcessor.cpp:33] Receive heartbeat from "graphd":9669, role = GRAPH
I20240325 00:39:19.569144   112 HBProcessor.cpp:33] Receive heartbeat from "storaged0":9779, role = STORAGE
I20240325 00:39:22.433766   112 HBProcessor.cpp:33] Receive heartbeat from "graphd":9669, role = GRAPH
I20240325 00:39:29.582650   112 HBProcessor.cpp:33] Receive heartbeat from "storaged0":9779, role = STORAGE
I20240325 00:39:32.444263   112 HBProcessor.cpp:33] Receive heartbeat from "graphd":9669, role = GRAPH
I20240325 00:39:39.597420   112 HBProcessor.cpp:33] Receive heartbeat from "storaged0":9779, role = STORAGE
I20240325 00:39:42.465454   112 HBProcessor.cpp:33] Receive heartbeat from "graphd":9669, role = GRAPH
I20240325 00:39:49.623502   112 HBProcessor.cpp:33] Receive heartbeat from "storaged0":9779, role = STORAGE
I20240325 00:39:52.483500   112 HBProcessor.cpp:33] Receive heartbeat from "graphd":9669, role = GRAPH
I20240325 00:39:59.643836   112 HBProcessor.cpp:33] Receive heartbeat from "storaged0":9779, role = STORAGE
I20240325 00:40:02.506652   112 HBProcessor.cpp:33] Receive heartbeat from "graphd":9669, role = GRAPH
I20240325 00:40:09.659608   112 HBProcessor.cpp:33] Receive heartbeat from "storaged0":9779, role = STORAGE
I20240325 00:40:12.518805   112 HBProcessor.cpp:33] Receive heartbeat from "graphd":9669, role = GRAPH
I20240325 00:40:19.670620   112 HBProcessor.cpp:33] Receive heartbeat from "storaged0":9779, role = STORAGE
I20240325 00:40:22.536959   112 HBProcessor.cpp:33] Receive heartbeat from "graphd":9669, role = GRAPH
I20240325 00:40:29.686265   112 HBProcessor.cpp:33] Receive heartbeat from "storaged0":9779, role = STORAGE
I20240325 00:40:32.560591   112 HBProcessor.cpp:33] Receive heartbeat from "graphd":9669, role = GRAPH
I20240325 00:40:39.699921   112 HBProcessor.cpp:33] Receive heartbeat from "storaged0":9779, role = STORAGE
I20240325 00:40:42.569898   112 HBProcessor.cpp:33] Receive heartbeat from "graphd":9669, role = GRAPH
I20240325 00:40:49.710292   112 HBProcessor.cpp:33] Receive heartbeat from "storaged0":9779, role = STORAGE
I20240325 00:40:52.586593   112 HBProcessor.cpp:33] Receive heartbeat from "graphd":9669, role = GRAPH
I20240325 00:40:59.732710   112 HBProcessor.cpp:33] Receive heartbeat from "storaged0":9779, role = STORAGE
I20240325 00:41:02.600919   112 HBProcessor.cpp:33] Receive heartbeat from "graphd":9669, role = GRAPH
I20240325 00:41:09.752786   112 HBProcessor.cpp:33] Receive heartbeat from "storaged0":9779, role = STORAGE
I20240325 00:41:12.619210   112 HBProcessor.cpp:33] Receive heartbeat from "graphd":9669, role = GRAPH
I20240325 00:41:19.779587   112 HBProcessor.cpp:33] Receive heartbeat from "storaged0":9779, role = STORAGE
I20240325 00:41:22.638012   112 HBProcessor.cpp:33] Receive heartbeat from "graphd":9669, role = GRAPH
I20240325 00:41:29.798590   112 HBProcessor.cpp:33] Receive heartbeat from "storaged0":9779, role = STORAGE
I20240325 00:41:32.659313   112 HBProcessor.cpp:33] Receive heartbeat from "graphd":9669, role = GRAPH
I20240325 00:41:39.822899   112 HBProcessor.cpp:33] Receive heartbeat from "storaged0":9779, role = STORAGE
I20240325 00:41:42.679198   112 HBProcessor.cpp:33] Receive heartbeat from "graphd":9669, role = GRAPH
I20240325 00:41:49.841792   112 HBProcessor.cpp:33] Receive heartbeat from "storaged0":9779, role = STORAGE
I20240325 00:41:52.689741   112 HBProcessor.cpp:33] Receive heartbeat from "graphd":9669, role = GRAPH
I20240325 00:41:59.862579   112 HBProcessor.cpp:33] Receive heartbeat from "storaged0":9779, role = STORAGE
I20240325 00:42:02.709749   112 HBProcessor.cpp:33] Receive heartbeat from "graphd":9669, role = GRAPH
I20240325 00:42:09.871544   112 HBProcessor.cpp:33] Receive heartbeat from "storaged0":9779, role = STORAGE
I20240325 00:42:12.718566   112 HBProcessor.cpp:33] Receive heartbeat from "graphd":9669, role = GRAPH
I20240325 00:42:19.890735   112 HBProcessor.cpp:33] Receive heartbeat from "storaged0":9779, role = STORAGE
I20240325 00:42:22.730911   112 HBProcessor.cpp:33] Receive heartbeat from "graphd":9669, role = GRAPH
I20240325 00:42:29.913113   112 HBProcessor.cpp:33] Receive heartbeat from "storaged0":9779, role = STORAGE
I20240325 00:42:32.749442   112 HBProcessor.cpp:33] Receive heartbeat from "graphd":9669, role = GRAPH
I20240325 00:42:39.925411   112 HBProcessor.cpp:33] Receive heartbeat from "storaged0":9779, role = STORAGE
I20240325 00:42:42.767951   112 HBProcessor.cpp:33] Receive heartbeat from "graphd":9669, role = GRAPH
I20240325 00:42:49.938876   112 HBProcessor.cpp:33] Receive heartbeat from "storaged0":9779, role = STORAGE
I20240325 00:42:52.778854   112 HBProcessor.cpp:33] Receive heartbeat from "graphd":9669, role = GRAPH
I20240325 00:42:59.947875   112 HBProcessor.cpp:33] Receive heartbeat from "storaged0":9779, role = STORAGE
I20240325 00:43:02.796628   112 HBProcessor.cpp:33] Receive heartbeat from "graphd":9669, role = GRAPH
I20240325 00:43:09.960692   112 HBProcessor.cpp:33] Receive heartbeat from "storaged0":9779, role = STORAGE
I20240325 00:43:12.820536   112 HBProcessor.cpp:33] Receive heartbeat from "graphd":9669, role = GRAPH
I20240325 00:43:19.974954   112 HBProcessor.cpp:33] Receive heartbeat from "storaged0":9779, role = STORAGE
I20240325 00:43:22.846143   112 HBProcessor.cpp:33] Receive heartbeat from "graphd":9669, role = GRAPH
I20240325 00:43:29.992652   112 HBProcessor.cpp:33] Receive heartbeat from "storaged0":9779, role = STORAGE
I20240325 00:43:32.855285   112 HBProcessor.cpp:33] Receive heartbeat from "graphd":9669, role = GRAPH
I20240325 00:43:40.015027   112 HBProcessor.cpp:33] Receive heartbeat from "storaged0":9779, role = STORAGE
I20240325 00:43:42.874069   112 HBProcessor.cpp:33] Receive heartbeat from "graphd":9669, role = GRAPH
I20240325 00:43:50.036640   112 HBProcessor.cpp:33] Receive heartbeat from "storaged0":9779, role = STORAGE
I20240325 00:43:52.892993   112 HBProcessor.cpp:33] Receive heartbeat from "graphd":9669, role = GRAPH
I20240325 00:44:00.061589   112 HBProcessor.cpp:33] Receive heartbeat from "storaged0":9779, role = STORAGE
I20240325 00:44:02.913798   112 HBProcessor.cpp:33] Receive heartbeat from "graphd":9669, role = GRAPH
I20240325 00:44:10.075030   112 HBProcessor.cpp:33] Receive heartbeat from "storaged0":9779, role = STORAGE
I20240325 00:44:12.927484   112 HBProcessor.cpp:33] Receive heartbeat from "graphd":9669, role = GRAPH
I20240325 00:44:20.101581   112 HBProcessor.cpp:33] Receive heartbeat from "storaged0":9779, role = STORAGE
I20240325 00:44:22.945188   112 HBProcessor.cpp:33] Receive heartbeat from "graphd":9669, role = GRAPH
I20240325 00:44:30.133502   112 HBProcessor.cpp:33] Receive heartbeat from "storaged0":9779, role = STORAGE
I20240325 00:44:32.954931   112 HBProcessor.cpp:33] Receive heartbeat from "graphd":9669, role = GRAPH
I20240325 00:44:40.143803   112 HBProcessor.cpp:33] Receive heartbeat from "storaged0":9779, role = STORAGE
I20240325 00:44:42.978179   112 HBProcessor.cpp:33] Receive heartbeat from "graphd":9669, role = GRAPH
I20240325 00:44:50.163770   112 HBProcessor.cpp:33] Receive heartbeat from "storaged0":9779, role = STORAGE
I20240325 00:44:52.992043   112 HBProcessor.cpp:33] Receive heartbeat from "graphd":9669, role = GRAPH
I20240325 00:45:00.178227   112 HBProcessor.cpp:33] Receive heartbeat from "storaged0":9779, role = STORAGE
I20240325 00:45:03.007193   112 HBProcessor.cpp:33] Receive heartbeat from "graphd":9669, role = GRAPH
I20240325 00:45:10.197520   112 HBProcessor.cpp:33] Receive heartbeat from "storaged0":9779, role = STORAGE
I20240325 00:45:13.036506   112 HBProcessor.cpp:33] Receive heartbeat from "graphd":9669, role = GRAPH
I20240325 00:45:20.220970   112 HBProcessor.cpp:33] Receive heartbeat from "storaged0":9779, role = STORAGE
I20240325 00:45:23.050927   112 HBProcessor.cpp:33] Receive heartbeat from "graphd":9669, role = GRAPH
I20240325 00:45:30.245512   112 HBProcessor.cpp:33] Receive heartbeat from "storaged0":9779, role = STORAGE
I20240325 00:45:33.065343   112 HBProcessor.cpp:33] Receive heartbeat from "graphd":9669, role = GRAPH
I20240325 00:45:40.266422   112 HBProcessor.cpp:33] Receive heartbeat from "storaged0":9779, role = STORAGE
I20240325 00:45:43.078375   112 HBProcessor.cpp:33] Receive heartbeat from "graphd":9669, role = GRAPH
I20240325 00:45:50.281019   112 HBProcessor.cpp:33] Receive heartbeat from "storaged0":9779, role = STORAGE
I20240325 00:45:53.098752   112 HBProcessor.cpp:33] Receive heartbeat from "graphd":9669, role = GRAPH
I20240325 00:46:00.306607   112 HBProcessor.cpp:33] Receive heartbeat from "storaged0":9779, role = STORAGE
I20240325 00:46:03.120060   112 HBProcessor.cpp:33] Receive heartbeat from "graphd":9669, role = GRAPH
I20240325 00:46:10.322556   112 HBProcessor.cpp:33] Receive heartbeat from "storaged0":9779, role = STORAGE
I20240325 00:46:13.143318   112 HBProcessor.cpp:33] Receive heartbeat from "graphd":9669, role = GRAPH
I20240325 00:46:20.334836   112 HBProcessor.cpp:33] Receive heartbeat from "storaged0":9779, role = STORAGE
I20240325 00:46:23.158197   112 HBProcessor.cpp:33] Receive heartbeat from "graphd":9669, role = GRAPH
I20240325 00:46:30.351728   112 HBProcessor.cpp:33] Receive heartbeat from "storaged0":9779, role = STORAGE
I20240325 00:46:33.174332   112 HBProcessor.cpp:33] Receive heartbeat from "graphd":9669, role = GRAPH
I20240325 00:46:40.364773   112 HBProcessor.cpp:33] Receive heartbeat from "storaged0":9779, role = STORAGE
I20240325 00:46:43.194396   112 HBProcessor.cpp:33] Receive heartbeat from "graphd":9669, role = GRAPH
I20240325 00:46:50.377840   112 HBProcessor.cpp:33] Receive heartbeat from "storaged0":9779, role = STORAGE
I20240325 00:46:53.212738   112 HBProcessor.cpp:33] Receive heartbeat from "graphd":9669, role = GRAPH
I20240325 00:47:00.392254   112 HBProcessor.cpp:33] Receive heartbeat from "storaged0":9779, role = STORAGE
I20240325 00:47:03.226454   112 HBProcessor.cpp:33] Receive heartbeat from "graphd":9669, role = GRAPH
I20240325 00:47:10.413158   112 HBProcessor.cpp:33] Receive heartbeat from "storaged0":9779, role = STORAGE
I20240325 00:47:13.247103   112 HBProcessor.cpp:33] Receive heartbeat from "graphd":9669, role = GRAPH
I20240325 00:47:20.421012   112 HBProcessor.cpp:33] Receive heartbeat from "storaged0":9779, role = STORAGE
I20240325 00:47:23.262693   112 HBProcessor.cpp:33] Receive heartbeat from "graphd":9669, role = GRAPH
I20240325 00:47:30.445292   112 HBProcessor.cpp:33] Receive heartbeat from "storaged0":9779, role = STORAGE
I20240325 00:47:33.288059   112 HBProcessor.cpp:33] Receive heartbeat from "graphd":9669, role = GRAPH
I20240325 00:47:40.466970   112 HBProcessor.cpp:33] Receive heartbeat from "storaged0":9779, role = STORAGE
I20240325 00:47:43.313313   112 HBProcessor.cpp:33] Receive heartbeat from "graphd":9669, role = GRAPH
I20240325 00:47:50.481629   112 HBProcessor.cpp:33] Receive heartbeat from "storaged0":9779, role = STORAGE
I20240325 00:47:53.321153   112 HBProcessor.cpp:33] Receive heartbeat from "graphd":9669, role = GRAPH
I20240325 00:48:00.506346   112 HBProcessor.cpp:33] Receive heartbeat from "storaged0":9779, role = STORAGE
I20240325 00:48:03.332692   112 HBProcessor.cpp:33] Receive heartbeat from "graphd":9669, role = GRAPH
I20240325 00:48:10.528262   112 HBProcessor.cpp:33] Receive heartbeat from "storaged0":9779, role = STORAGE
I20240325 00:48:13.346493   112 HBProcessor.cpp:33] Receive heartbeat from "graphd":9669, role = GRAPH
I20240325 00:48:20.547688   112 HBProcessor.cpp:33] Receive heartbeat from "storaged0":9779, role = STORAGE
I20240325 00:48:23.361876   112 HBProcessor.cpp:33] Receive heartbeat from "graphd":9669, role = GRAPH
I20240325 00:48:30.569808   112 HBProcessor.cpp:33] Receive heartbeat from "storaged0":9779, role = STORAGE
I20240325 00:48:33.380997   112 HBProcessor.cpp:33] Receive heartbeat from "graphd":9669, role = GRAPH
I20240325 00:48:40.580729   112 HBProcessor.cpp:33] Receive heartbeat from "storaged0":9779, role = STORAGE
I20240325 00:48:43.398236   112 HBProcessor.cpp:33] Receive heartbeat from "graphd":9669, role = GRAPH
I20240325 00:48:50.596258   112 HBProcessor.cpp:33] Receive heartbeat from "storaged0":9779, role = STORAGE
I20240325 00:48:53.410270   112 HBProcessor.cpp:33] Receive heartbeat from "graphd":9669, role = GRAPH
I20240325 00:49:00.608834   112 HBProcessor.cpp:33] Receive heartbeat from "storaged0":9779, role = STORAGE
I20240325 00:49:03.427582   112 HBProcessor.cpp:33] Receive heartbeat from "graphd":9669, role = GRAPH
I20240325 00:49:10.625125   112 HBProcessor.cpp:33] Receive heartbeat from "storaged0":9779, role = STORAGE
I20240325 00:49:13.445013   112 HBProcessor.cpp:33] Receive heartbeat from "graphd":9669, role = GRAPH
I20240325 00:49:20.636950   112 HBProcessor.cpp:33] Receive heartbeat from "storaged0":9779, role = STORAGE
I20240325 00:49:23.452455   112 HBProcessor.cpp:33] Receive heartbeat from "graphd":9669, role = GRAPH
I20240325 00:49:30.651569   112 HBProcessor.cpp:33] Receive heartbeat from "storaged0":9779, role = STORAGE
I20240325 00:49:33.461786   112 HBProcessor.cpp:33] Receive heartbeat from "graphd":9669, role = GRAPH
I20240325 00:49:40.673687   112 HBProcessor.cpp:33] Receive heartbeat from "storaged0":9779, role = STORAGE
I20240325 00:49:43.473068   112 HBProcessor.cpp:33] Receive heartbeat from "graphd":9669, role = GRAPH
I20240325 00:49:50.695039   112 HBProcessor.cpp:33] Receive heartbeat from "storaged0":9779, role = STORAGE
I20240325 00:49:53.485294   112 HBProcessor.cpp:33] Receive heartbeat from "graphd":9669, role = GRAPH
I20240325 00:50:00.721956   112 HBProcessor.cpp:33] Receive heartbeat from "storaged0":9779, role = STORAGE
I20240325 00:50:03.504237   112 HBProcessor.cpp:33] Receive heartbeat from "graphd":9669, role = GRAPH
I20240325 00:50:10.747202   112 HBProcessor.cpp:33] Receive heartbeat from "storaged0":9779, role = STORAGE
I20240325 00:50:13.527135   112 HBProcessor.cpp:33] Receive heartbeat from "graphd":9669, role = GRAPH
I20240325 00:50:20.775683   112 HBProcessor.cpp:33] Receive heartbeat from "storaged0":9779, role = STORAGE
I20240325 00:50:23.554281   112 HBProcessor.cpp:33] Receive heartbeat from "graphd":9669, role = GRAPH
I20240325 00:50:30.803676   112 HBProcessor.cpp:33] Receive heartbeat from "storaged0":9779, role = STORAGE
I20240325 00:50:33.575383   112 HBProcessor.cpp:33] Receive heartbeat from "graphd":9669, role = GRAPH
I20240325 00:50:40.821166   112 HBProcessor.cpp:33] Receive heartbeat from "storaged0":9779, role = STORAGE
I20240325 00:50:43.587558   112 HBProcessor.cpp:33] Receive heartbeat from "graphd":9669, role = GRAPH
I20240325 00:50:50.835772   112 HBProcessor.cpp:33] Receive heartbeat from "storaged0":9779, role = STORAGE
I20240325 00:50:53.596328   112 HBProcessor.cpp:33] Receive heartbeat from "graphd":9669, role = GRAPH
I20240325 00:51:00.858795   112 HBProcessor.cpp:33] Receive heartbeat from "storaged0":9779, role = STORAGE
I20240325 00:51:03.616562   112 HBProcessor.cpp:33] Receive heartbeat from "graphd":9669, role = GRAPH
I20240325 00:51:10.890822   112 HBProcessor.cpp:33] Receive heartbeat from "storaged0":9779, role = STORAGE
I20240325 00:51:13.642930   112 HBProcessor.cpp:33] Receive heartbeat from "graphd":9669, role = GRAPH
I20240325 00:51:20.914760   112 HBProcessor.cpp:33] Receive heartbeat from "storaged0":9779, role = STORAGE
I20240325 00:51:23.662420   112 HBProcessor.cpp:33] Receive heartbeat from "graphd":9669, role = GRAPH
I20240325 00:51:30.934311   112 HBProcessor.cpp:33] Receive heartbeat from "storaged0":9779, role = STORAGE
I20240325 00:51:33.681571   112 HBProcessor.cpp:33] Receive heartbeat from "graphd":9669, role = GRAPH
I20240325 00:51:40.961472   112 HBProcessor.cpp:33] Receive heartbeat from "storaged0":9779, role = STORAGE
I20240325 00:51:43.697388   112 HBProcessor.cpp:33] Receive heartbeat from "graphd":9669, role = GRAPH
I20240325 00:51:50.984890   112 HBProcessor.cpp:33] Receive heartbeat from "storaged0":9779, role = STORAGE
I20240325 00:51:53.716176   112 HBProcessor.cpp:33] Receive heartbeat from "graphd":9669, role = GRAPH
I20240325 00:52:01.006841   112 HBProcessor.cpp:33] Receive heartbeat from "storaged0":9779, role = STORAGE
I20240325 00:52:03.727246   112 HBProcessor.cpp:33] Receive heartbeat from "graphd":9669, role = GRAPH
I20240325 00:52:11.032563   112 HBProcessor.cpp:33] Receive heartbeat from "storaged0":9779, role = STORAGE
I20240325 00:52:13.739110   112 HBProcessor.cpp:33] Receive heartbeat from "graphd":9669, role = GRAPH
I20240325 00:52:21.053124   112 HBProcessor.cpp:33] Receive heartbeat from "storaged0":9779, role = STORAGE
I20240325 00:52:23.764029   112 HBProcessor.cpp:33] Receive heartbeat from "graphd":9669, role = GRAPH
I20240325 00:52:31.073220   112 HBProcessor.cpp:33] Receive heartbeat from "storaged0":9779, role = STORAGE
I20240325 00:52:33.789971   112 HBProcessor.cpp:33] Receive heartbeat from "graphd":9669, role = GRAPH
I20240325 00:52:41.098179   112 HBProcessor.cpp:33] Receive heartbeat from "storaged0":9779, role = STORAGE
I20240325 00:52:43.813465   112 HBProcessor.cpp:33] Receive heartbeat from "graphd":9669, role = GRAPH
I20240325 00:52:51.121806   112 HBProcessor.cpp:33] Receive heartbeat from "storaged0":9779, role = STORAGE
I20240325 00:52:53.828226   112 HBProcessor.cpp:33] Receive heartbeat from "graphd":9669, role = GRAPH
I20240325 00:53:01.136703   112 HBProcessor.cpp:33] Receive heartbeat from "storaged0":9779, role = STORAGE
I20240325 00:53:03.852520   112 HBProcessor.cpp:33] Receive heartbeat from "graphd":9669, role = GRAPH
I20240325 00:53:11.162679   112 HBProcessor.cpp:33] Receive heartbeat from "storaged0":9779, role = STORAGE
I20240325 00:53:13.878269   112 HBProcessor.cpp:33] Receive heartbeat from "graphd":9669, role = GRAPH
I20240325 00:53:21.178297   112 HBProcessor.cpp:33] Receive heartbeat from "storaged0":9779, role = STORAGE
I20240325 00:53:23.900508   112 HBProcessor.cpp:33] Receive heartbeat from "graphd":9669, role = GRAPH
I20240325 00:53:31.189936   112 HBProcessor.cpp:33] Receive heartbeat from "storaged0":9779, role = STORAGE
I20240325 00:53:33.916652   112 HBProcessor.cpp:33] Receive heartbeat from "graphd":9669, role = GRAPH
I20240325 00:53:41.213099   112 HBProcessor.cpp:33] Receive heartbeat from "storaged0":9779, role = STORAGE
I20240325 00:53:43.936794   112 HBProcessor.cpp:33] Receive heartbeat from "graphd":9669, role = GRAPH
I20240325 00:53:51.232177   112 HBProcessor.cpp:33] Receive heartbeat from "storaged0":9779, role = STORAGE
I20240325 00:53:53.961736   112 HBProcessor.cpp:33] Receive heartbeat from "graphd":9669, role = GRAPH
I20240325 00:54:01.240518   112 HBProcessor.cpp:33] Receive heartbeat from "storaged0":9779, role = STORAGE
I20240325 00:54:03.980175   112 HBProcessor.cpp:33] Receive heartbeat from "graphd":9669, role = GRAPH
I20240325 00:54:11.257438   112 HBProcessor.cpp:33] Receive heartbeat from "storaged0":9779, role = STORAGE
I20240325 00:54:13.996608   112 HBProcessor.cpp:33] Receive heartbeat from "graphd":9669, role = GRAPH
I20240325 00:54:21.267946   112 HBProcessor.cpp:33] Receive heartbeat from "storaged0":9779, role = STORAGE
I20240325 00:54:24.007774   112 HBProcessor.cpp:33] Receive heartbeat from "graphd":9669, role = GRAPH
I20240325 00:54:31.283854   112 HBProcessor.cpp:33] Receive heartbeat from "storaged0":9779, role = STORAGE
I20240325 00:54:34.020808   112 HBProcessor.cpp:33] Receive heartbeat from "graphd":9669, role = GRAPH
I20240325 00:54:41.301949   112 HBProcessor.cpp:33] Receive heartbeat from "storaged0":9779, role = STORAGE
I20240325 00:54:44.043206   112 HBProcessor.cpp:33] Receive heartbeat from "graphd":9669, role = GRAPH
I20240325 00:54:51.319962   112 HBProcessor.cpp:33] Receive heartbeat from "storaged0":9779, role = STORAGE
I20240325 00:54:54.057327   112 HBProcessor.cpp:33] Receive heartbeat from "graphd":9669, role = GRAPH
I20240325 00:55:01.334343   112 HBProcessor.cpp:33] Receive heartbeat from "storaged0":9779, role = STORAGE
I20240325 00:55:04.070768   112 HBProcessor.cpp:33] Receive heartbeat from "graphd":9669, role = GRAPH
I20240325 00:55:11.359942   112 HBProcessor.cpp:33] Receive heartbeat from "storaged0":9779, role = STORAGE
I20240325 00:55:14.087652   112 HBProcessor.cpp:33] Receive heartbeat from "graphd":9669, role = GRAPH
I20240325 00:55:21.370764   112 HBProcessor.cpp:33] Receive heartbeat from "storaged0":9779, role = STORAGE
I20240325 00:55:24.103973   112 HBProcessor.cpp:33] Receive heartbeat from "graphd":9669, role = GRAPH
I20240325 00:55:31.394897   112 HBProcessor.cpp:33] Receive heartbeat from "storaged0":9779, role = STORAGE
I20240325 00:55:34.115340   112 HBProcessor.cpp:33] Receive heartbeat from "graphd":9669, role = GRAPH
I20240325 00:55:41.409443   112 HBProcessor.cpp:33] Receive heartbeat from "storaged0":9779, role = STORAGE
I20240325 00:55:44.145696   112 HBProcessor.cpp:33] Receive heartbeat from "graphd":9669, role = GRAPH
I20240325 00:55:51.430480   112 HBProcessor.cpp:33] Receive heartbeat from "storaged0":9779, role = STORAGE
I20240325 00:55:54.166565   112 HBProcessor.cpp:33] Receive heartbeat from "graphd":9669, role = GRAPH
I20240325 00:56:01.444849   112 HBProcessor.cpp:33] Receive heartbeat from "storaged0":9779, role = STORAGE
I20240325 00:56:04.174022   112 HBProcessor.cpp:33] Receive heartbeat from "graphd":9669, role = GRAPH
I20240325 00:56:11.457113   112 HBProcessor.cpp:33] Receive heartbeat from "storaged0":9779, role = STORAGE
I20240325 00:56:14.189694   112 HBProcessor.cpp:33] Receive heartbeat from "graphd":9669, role = GRAPH
I20240325 00:56:21.474341   112 HBProcessor.cpp:33] Receive heartbeat from "storaged0":9779, role = STORAGE
I20240325 00:56:24.209012   112 HBProcessor.cpp:33] Receive heartbeat from "graphd":9669, role = GRAPH
I20240325 00:56:31.484329   112 HBProcessor.cpp:33] Receive heartbeat from "storaged0":9779, role = STORAGE
I20240325 00:56:34.226024   112 HBProcessor.cpp:33] Receive heartbeat from "graphd":9669, role = GRAPH
I20240325 00:56:41.511242   112 HBProcessor.cpp:33] Receive heartbeat from "storaged0":9779, role = STORAGE
I20240325 00:56:44.245569   112 HBProcessor.cpp:33] Receive heartbeat from "graphd":9669, role = GRAPH
I20240325 00:56:51.530889   112 HBProcessor.cpp:33] Receive heartbeat from "storaged0":9779, role = STORAGE
I20240325 00:56:54.266916   112 HBProcessor.cpp:33] Receive heartbeat from "graphd":9669, role = GRAPH
I20240325 00:57:01.557561   112 HBProcessor.cpp:33] Receive heartbeat from "storaged0":9779, role = STORAGE
I20240325 00:57:04.289291   112 HBProcessor.cpp:33] Receive heartbeat from "graphd":9669, role = GRAPH
I20240325 00:57:11.584214   112 HBProcessor.cpp:33] Receive heartbeat from "storaged0":9779, role = STORAGE
I20240325 00:57:14.311895   112 HBProcessor.cpp:33] Receive heartbeat from "graphd":9669, role = GRAPH
I20240325 00:57:21.622314   112 HBProcessor.cpp:33] Receive heartbeat from "storaged0":9779, role = STORAGE
I20240325 00:57:24.339728   112 HBProcessor.cpp:33] Receive heartbeat from "graphd":9669, role = GRAPH
I20240325 00:57:31.649174   112 HBProcessor.cpp:33] Receive heartbeat from "storaged0":9779, role = STORAGE
I20240325 00:57:34.364398   112 HBProcessor.cpp:33] Receive heartbeat from "graphd":9669, role = GRAPH
I20240325 00:57:41.669374   112 HBProcessor.cpp:33] Receive heartbeat from "storaged0":9779, role = STORAGE
I20240325 00:57:44.389750   112 HBProcessor.cpp:33] Receive heartbeat from "graphd":9669, role = GRAPH
I20240325 00:57:51.690454   112 HBProcessor.cpp:33] Receive heartbeat from "storaged0":9779, role = STORAGE
I20240325 00:57:54.402251   112 HBProcessor.cpp:33] Receive heartbeat from "graphd":9669, role = GRAPH
I20240325 00:58:01.703979   112 HBProcessor.cpp:33] Receive heartbeat from "storaged0":9779, role = STORAGE
I20240325 00:58:04.423413   112 HBProcessor.cpp:33] Receive heartbeat from "graphd":9669, role = GRAPH
I20240325 00:58:11.716305   112 HBProcessor.cpp:33] Receive heartbeat from "storaged0":9779, role = STORAGE
I20240325 00:58:14.436211   112 HBProcessor.cpp:33] Receive heartbeat from "graphd":9669, role = GRAPH
I20240325 00:58:21.741075   112 HBProcessor.cpp:33] Receive heartbeat from "storaged0":9779, role = STORAGE
I20240325 00:58:24.457193   112 HBProcessor.cpp:33] Receive heartbeat from "graphd":9669, role = GRAPH
I20240325 00:58:31.757897   112 HBProcessor.cpp:33] Receive heartbeat from "storaged0":9779, role = STORAGE
I20240325 00:58:34.479835   112 HBProcessor.cpp:33] Receive heartbeat from "graphd":9669, role = GRAPH
I20240325 00:58:41.782985   112 HBProcessor.cpp:33] Receive heartbeat from "storaged0":9779, role = STORAGE
I20240325 00:58:44.496627   112 HBProcessor.cpp:33] Receive heartbeat from "graphd":9669, role = GRAPH
I20240325 00:58:51.805639   112 HBProcessor.cpp:33] Receive heartbeat from "storaged0":9779, role = STORAGE
I20240325 00:58:54.508652   112 HBProcessor.cpp:33] Receive heartbeat from "graphd":9669, role = GRAPH
I20240325 00:59:01.824139   112 HBProcessor.cpp:33] Receive heartbeat from "storaged0":9779, role = STORAGE
I20240325 00:59:04.524750   112 HBProcessor.cpp:33] Receive heartbeat from "graphd":9669, role = GRAPH
I20240325 00:59:11.844859   112 HBProcessor.cpp:33] Receive heartbeat from "storaged0":9779, role = STORAGE
I20240325 00:59:14.546857   112 HBProcessor.cpp:33] Receive heartbeat from "graphd":9669, role = GRAPH
I20240325 00:59:21.865983   112 HBProcessor.cpp:33] Receive heartbeat from "storaged0":9779, role = STORAGE
I20240325 00:59:24.580024   112 HBProcessor.cpp:33] Receive heartbeat from "graphd":9669, role = GRAPH
I20240325 00:59:31.890831   112 HBProcessor.cpp:33] Receive heartbeat from "storaged0":9779, role = STORAGE
I20240325 00:59:34.606667   112 HBProcessor.cpp:33] Receive heartbeat from "graphd":9669, role = GRAPH
I20240325 00:59:41.920697   112 HBProcessor.cpp:33] Receive heartbeat from "storaged0":9779, role = STORAGE
I20240325 00:59:44.619577   112 HBProcessor.cpp:33] Receive heartbeat from "graphd":9669, role = GRAPH
I20240325 00:59:51.945289   112 HBProcessor.cpp:33] Receive heartbeat from "storaged0":9779, role = STORAGE
I20240325 00:59:54.634721   112 HBProcessor.cpp:33] Receive heartbeat from "graphd":9669, role = GRAPH
I20240325 01:00:01.964423   112 HBProcessor.cpp:33] Receive heartbeat from "storaged0":9779, role = STORAGE
I20240325 01:00:04.650036   112 HBProcessor.cpp:33] Receive heartbeat from "graphd":9669, role = GRAPH
I20240325 01:00:11.983816   112 HBProcessor.cpp:33] Receive heartbeat from "storaged0":9779, role = STORAGE
I20240325 01:00:14.673405   112 HBProcessor.cpp:33] Receive heartbeat from "graphd":9669, role = GRAPH
I20240325 01:00:22.011505   112 HBProcessor.cpp:33] Receive heartbeat from "storaged0":9779, role = STORAGE
I20240325 01:00:24.683312   112 HBProcessor.cpp:33] Receive heartbeat from "graphd":9669, role = GRAPH
I20240325 01:00:32.036129   112 HBProcessor.cpp:33] Receive heartbeat from "storaged0":9779, role = STORAGE
I20240325 01:00:34.707733   112 HBProcessor.cpp:33] Receive heartbeat from "graphd":9669, role = GRAPH
I20240325 01:00:42.051587   112 HBProcessor.cpp:33] Receive heartbeat from "storaged0":9779, role = STORAGE
I20240325 01:00:44.735522   112 HBProcessor.cpp:33] Receive heartbeat from "graphd":9669, role = GRAPH
I20240325 01:00:52.076189   112 HBProcessor.cpp:33] Receive heartbeat from "storaged0":9779, role = STORAGE
I20240325 01:00:54.750932   112 HBProcessor.cpp:33] Receive heartbeat from "graphd":9669, role = GRAPH
I20240325 01:01:02.103474   112 HBProcessor.cpp:33] Receive heartbeat from "storaged0":9779, role = STORAGE
I20240325 01:01:04.759799   112 HBProcessor.cpp:33] Receive heartbeat from "graphd":9669, role = GRAPH
I20240325 01:01:12.128249   112 HBProcessor.cpp:33] Receive heartbeat from "storaged0":9779, role = STORAGE
I20240325 01:01:14.776975   112 HBProcessor.cpp:33] Receive heartbeat from "graphd":9669, role = GRAPH
I20240325 01:01:22.139639   112 HBProcessor.cpp:33] Receive heartbeat from "storaged0":9779, role = STORAGE
I20240325 01:01:24.791981   112 HBProcessor.cpp:33] Receive heartbeat from "graphd":9669, role = GRAPH
I20240325 01:01:32.152192   112 HBProcessor.cpp:33] Receive heartbeat from "storaged0":9779, role = STORAGE
I20240325 01:01:34.813810   112 HBProcessor.cpp:33] Receive heartbeat from "graphd":9669, role = GRAPH
I20240325 01:01:42.167882   112 HBProcessor.cpp:33] Receive heartbeat from "storaged0":9779, role = STORAGE
I20240325 01:01:44.833072   112 HBProcessor.cpp:33] Receive heartbeat from "graphd":9669, role = GRAPH
I20240325 01:01:52.175603   112 HBProcessor.cpp:33] Receive heartbeat from "storaged0":9779, role = STORAGE
I20240325 01:01:54.843106   112 HBProcessor.cpp:33] Receive heartbeat from "graphd":9669, role = GRAPH
I20240325 01:02:02.187654   112 HBProcessor.cpp:33] Receive heartbeat from "storaged0":9779, role = STORAGE
I20240325 01:02:04.850402   112 HBProcessor.cpp:33] Receive heartbeat from "graphd":9669, role = GRAPH
I20240325 01:02:12.209765   112 HBProcessor.cpp:33] Receive heartbeat from "storaged0":9779, role = STORAGE
I20240325 01:02:14.867475   112 HBProcessor.cpp:33] Receive heartbeat from "graphd":9669, role = GRAPH
I20240325 01:02:22.234349   112 HBProcessor.cpp:33] Receive heartbeat from "storaged0":9779, role = STORAGE
I20240325 01:02:24.873471   112 HBProcessor.cpp:33] Receive heartbeat from "graphd":9669, role = GRAPH
I20240325 01:02:32.245810   112 HBProcessor.cpp:33] Receive heartbeat from "storaged0":9779, role = STORAGE
I20240325 01:02:34.890588   112 HBProcessor.cpp:33] Receive heartbeat from "graphd":9669, role = GRAPH
I20240325 01:02:42.270788   112 HBProcessor.cpp:33] Receive heartbeat from "storaged0":9779, role = STORAGE
I20240325 01:02:44.911016   112 HBProcessor.cpp:33] Receive heartbeat from "graphd":9669, role = GRAPH
I20240325 01:02:52.295001   112 HBProcessor.cpp:33] Receive heartbeat from "storaged0":9779, role = STORAGE
I20240325 01:02:54.919466   112 HBProcessor.cpp:33] Receive heartbeat from "graphd":9669, role = GRAPH
I20240325 01:03:02.306324   112 HBProcessor.cpp:33] Receive heartbeat from "storaged0":9779, role = STORAGE
I20240325 01:03:04.939795   112 HBProcessor.cpp:33] Receive heartbeat from "graphd":9669, role = GRAPH
I20240325 01:03:12.326162   112 HBProcessor.cpp:33] Receive heartbeat from "storaged0":9779, role = STORAGE
I20240325 01:03:14.961485   112 HBProcessor.cpp:33] Receive heartbeat from "graphd":9669, role = GRAPH
I20240325 01:03:22.343303   112 HBProcessor.cpp:33] Receive heartbeat from "storaged0":9779, role = STORAGE
I20240325 01:03:24.983654   112 HBProcessor.cpp:33] Receive heartbeat from "graphd":9669, role = GRAPH
I20240325 01:03:32.362437   112 HBProcessor.cpp:33] Receive heartbeat from "storaged0":9779, role = STORAGE
I20240325 01:03:35.003229   112 HBProcessor.cpp:33] Receive heartbeat from "graphd":9669, role = GRAPH
I20240325 01:03:42.385241   112 HBProcessor.cpp:33] Receive heartbeat from "storaged0":9779, role = STORAGE
I20240325 01:03:45.024390   112 HBProcessor.cpp:33] Receive heartbeat from "graphd":9669, role = GRAPH
